{"name": "Purchase Scenario Test to Cream Mobile Web", "status": "broken", "statusDetails": {"message": "selenium.common.exceptions.InvalidSessionIdException: Message: invalid session id: session deleted as the browser has closed the connection\nfrom disconnected: Unable to receive message from renderer\n  (Session info: chrome=133.0.6943.137)\nStacktrace:\n0   chromedriver                        0x0000000108e1ed98 chromedriver + 5954968\n1   chromedriver                        0x0000000108e169ca chromedriver + 5921226\n2   chromedriver                        0x00000001088d65e0 chromedriver + 415200\n3   chromedriver                        0x00000001088bd4ca chromedriver + 312522\n4   chromedriver                        0x00000001088bd214 chromedriver + 311828\n5   chromedriver                        0x00000001088baf80 chromedriver + 302976\n6   chromedriver                        0x00000001088bb9af chromedriver + 305583\n7   chromedriver                        0x00000001088dcceb chromedriver + 441579\n8   chromedriver                        0x00000001088dfb43 chromedriver + 453443\n9   chromedriver                        0x00000001088dfbf3 chromedriver + 453619\n10  chromedriver                        0x0000000108927846 chromedriver + 747590\n11  chromedriver                        0x0000000108927fc1 chromedriver + 749505\n12  chromedriver                        0x0000000108978104 chromedriver + 1077508\n13  chromedriver                        0x000000010894e03d chromedriver + 905277\n14  chromedriver                        0x000000010897539e chromedriver + 1065886\n15  chromedriver                        0x000000010894dde3 chromedriver + 904675\n16  chromedriver                        0x0000000108919c6a chromedriver + 691306\n17  chromedriver                        0x000000010891adc1 chromedriver + 695745\n18  chromedriver                        0x0000000108de1e50 chromedriver + 5705296\n19  chromedriver                        0x0000000108de5da0 chromedriver + 5721504\n20  chromedriver                        0x0000000108dc3797 chromedriver + 5580695\n21  chromedriver                        0x0000000108de682b chromedriver + 5724203\n22  chromedriver                        0x0000000108db1fc4 chromedriver + 5509060\n23  chromedriver                        0x0000000108e05088 chromedriver + 5849224\n24  chromedriver                        0x0000000108e0524f chromedriver + 5849679\n25  chromedriver                        0x0000000108e165a8 chromedriver + 5920168\n26  libsystem_pthread.dylib             0x00007ff813357df1 _pthread_start + 99\n27  libsystem_pthread.dylib             0x00007ff813353857 thread_start + 15\n\n", "trace": "  File \"/Users/choesuyang/Desktop/ProjectChallenge/pyenv/lib/python3.13/site-packages/behave/model.py\", line 1329, in run\n    match.run(runner.context)\n    ~~~~~~~~~^^^^^^^^^^^^^^^^\n  File \"/Users/choesuyang/Desktop/ProjectChallenge/pyenv/lib/python3.13/site-packages/behave/matchers.py\", line 98, in run\n    self.func(context, *args, **kwargs)\n    ~~~~~~~~~^^^^^^^^^^^^^^^^^^^^^^^^^^\n  File \"features/steps/cream.py\", line 54, in step_impl\n    context.cream_page.click_search()\n    ~~~~~~~~~~~~~~~~~~~~~~~~~~~~~~~^^\n  File \"/Users/choesuyang/Desktop/ProjectChallenge/features/pages/CreamPage.py\", line 55, in click_search\n    self.wait.wait_and_click(By.XPATH, \"//*[@id='wrap']/div[2]/div/div/div/div/div/div/div[2]/div[1]/div/div/input\")\n    ~~~~~~~~~~~~~~~~~~~~~~~~^^^^^^^^^^^^^^^^^^^^^^^^^^^^^^^^^^^^^^^^^^^^^^^^^^^^^^^^^^^^^^^^^^^^^^^^^^^^^^^^^^^^^^^^\n  File \"/Users/choesuyang/Desktop/ProjectChallenge/features/pages/WaitHelper.py\", line 14, in wait_and_click\n    element = WebDriverWait(self.driver, self.timeout).until(\n        EC.element_to_be_clickable((by, locator))\n    )\n  File \"/Users/choesuyang/Desktop/ProjectChallenge/pyenv/lib/python3.13/site-packages/selenium/webdriver/support/wait.py\", line 96, in until\n    value = method(self._driver)\n  File \"/Users/choesuyang/Desktop/ProjectChallenge/pyenv/lib/python3.13/site-packages/selenium/webdriver/support/expected_conditions.py\", line 363, in _predicate\n    target = driver.find_element(*target)  # grab element at locator\n  File \"/Users/choesuyang/Desktop/ProjectChallenge/pyenv/lib/python3.13/site-packages/selenium/webdriver/remote/webdriver.py\", line 770, in find_element\n    return self.execute(Command.FIND_ELEMENT, {\"using\": by, \"value\": value})[\"value\"]\n           ~~~~~~~~~~~~^^^^^^^^^^^^^^^^^^^^^^^^^^^^^^^^^^^^^^^^^^^^^^^^^^^^^\n  File \"/Users/choesuyang/Desktop/ProjectChallenge/pyenv/lib/python3.13/site-packages/selenium/webdriver/remote/webdriver.py\", line 384, in execute\n    self.error_handler.check_response(response)\n    ~~~~~~~~~~~~~~~~~~~~~~~~~~~~~~~~~^^^^^^^^^^\n  File \"/Users/choesuyang/Desktop/ProjectChallenge/pyenv/lib/python3.13/site-packages/appium/webdriver/errorhandler.py\", line 125, in check_response\n    raise exception_class(msg=message, stacktrace=format_stacktrace(stacktrace))\n"}, "steps": [{"name": "Given enter the cream mweb url and close popup", "status": "passed", "start": 1746260409139, "stop": 1746260410706}, {"name": "When click myzone on fnb", "status": "passed", "start": 1746260410706, "stop": 1746260413927}, {"name": "When input login id and password in myzone", "status": "passed", "start": 1746260413927, "stop": 1746260416768}, {"name": "When click login button in myzone", "status": "passed", "start": 1746260416769, "stop": 1746260417785}, {"name": "Then check the login success", "status": "passed", "start": 1746260417785, "stop": 1746260422944}, {"name": "When click the home button on fnb", "status": "passed", "start": 1746260422944, "stop": 1746260427042}, {"name": "When click the search button on gnb", "status": "broken", "statusDetails": {"message": "selenium.common.exceptions.InvalidSessionIdException: Message: invalid session id: session deleted as the browser has closed the connection\nfrom disconnected: Unable to receive message from renderer\n  (Session info: chrome=133.0.6943.137)\nStacktrace:\n0   chromedriver                        0x0000000108e1ed98 chromedriver + 5954968\n1   chromedriver                        0x0000000108e169ca chromedriver + 5921226\n2   chromedriver                        0x00000001088d65e0 chromedriver + 415200\n3   chromedriver                        0x00000001088bd4ca chromedriver + 312522\n4   chromedriver                        0x00000001088bd214 chromedriver + 311828\n5   chromedriver                        0x00000001088baf80 chromedriver + 302976\n6   chromedriver                        0x00000001088bb9af chromedriver + 305583\n7   chromedriver                        0x00000001088dcceb chromedriver + 441579\n8   chromedriver                        0x00000001088dfb43 chromedriver + 453443\n9   chromedriver                        0x00000001088dfbf3 chromedriver + 453619\n10  chromedriver                        0x0000000108927846 chromedriver + 747590\n11  chromedriver                        0x0000000108927fc1 chromedriver + 749505\n12  chromedriver                        0x0000000108978104 chromedriver + 1077508\n13  chromedriver                        0x000000010894e03d chromedriver + 905277\n14  chromedriver                        0x000000010897539e chromedriver + 1065886\n15  chromedriver                        0x000000010894dde3 chromedriver + 904675\n16  chromedriver                        0x0000000108919c6a chromedriver + 691306\n17  chromedriver                        0x000000010891adc1 chromedriver + 695745\n18  chromedriver                        0x0000000108de1e50 chromedriver + 5705296\n19  chromedriver                        0x0000000108de5da0 chromedriver + 5721504\n20  chromedriver                        0x0000000108dc3797 chromedriver + 5580695\n21  chromedriver                        0x0000000108de682b chromedriver + 5724203\n22  chromedriver                        0x0000000108db1fc4 chromedriver + 5509060\n23  chromedriver                        0x0000000108e05088 chromedriver + 5849224\n24  chromedriver                        0x0000000108e0524f chromedriver + 5849679\n25  chromedriver                        0x0000000108e165a8 chromedriver + 5920168\n26  libsystem_pthread.dylib             0x00007ff813357df1 _pthread_start + 99\n27  libsystem_pthread.dylib             0x00007ff813353857 thread_start + 15\n\n", "trace": "  File \"/Users/choesuyang/Desktop/ProjectChallenge/pyenv/lib/python3.13/site-packages/behave/model.py\", line 1329, in run\n    match.run(runner.context)\n    ~~~~~~~~~^^^^^^^^^^^^^^^^\n  File \"/Users/choesuyang/Desktop/ProjectChallenge/pyenv/lib/python3.13/site-packages/behave/matchers.py\", line 98, in run\n    self.func(context, *args, **kwargs)\n    ~~~~~~~~~^^^^^^^^^^^^^^^^^^^^^^^^^^\n  File \"features/steps/cream.py\", line 54, in step_impl\n    context.cream_page.click_search()\n    ~~~~~~~~~~~~~~~~~~~~~~~~~~~~~~~^^\n  File \"/Users/choesuyang/Desktop/ProjectChallenge/features/pages/CreamPage.py\", line 55, in click_search\n    self.wait.wait_and_click(By.XPATH, \"//*[@id='wrap']/div[2]/div/div/div/div/div/div/div[2]/div[1]/div/div/input\")\n    ~~~~~~~~~~~~~~~~~~~~~~~~^^^^^^^^^^^^^^^^^^^^^^^^^^^^^^^^^^^^^^^^^^^^^^^^^^^^^^^^^^^^^^^^^^^^^^^^^^^^^^^^^^^^^^^^\n  File \"/Users/choesuyang/Desktop/ProjectChallenge/features/pages/WaitHelper.py\", line 14, in wait_and_click\n    element = WebDriverWait(self.driver, self.timeout).until(\n        EC.element_to_be_clickable((by, locator))\n    )\n  File \"/Users/choesuyang/Desktop/ProjectChallenge/pyenv/lib/python3.13/site-packages/selenium/webdriver/support/wait.py\", line 96, in until\n    value = method(self._driver)\n  File \"/Users/choesuyang/Desktop/ProjectChallenge/pyenv/lib/python3.13/site-packages/selenium/webdriver/support/expected_conditions.py\", line 363, in _predicate\n    target = driver.find_element(*target)  # grab element at locator\n  File \"/Users/choesuyang/Desktop/ProjectChallenge/pyenv/lib/python3.13/site-packages/selenium/webdriver/remote/webdriver.py\", line 770, in find_element\n    return self.execute(Command.FIND_ELEMENT, {\"using\": by, \"value\": value})[\"value\"]\n           ~~~~~~~~~~~~^^^^^^^^^^^^^^^^^^^^^^^^^^^^^^^^^^^^^^^^^^^^^^^^^^^^^\n  File \"/Users/choesuyang/Desktop/ProjectChallenge/pyenv/lib/python3.13/site-packages/selenium/webdriver/remote/webdriver.py\", line 384, in execute\n    self.error_handler.check_response(response)\n    ~~~~~~~~~~~~~~~~~~~~~~~~~~~~~~~~~^^^^^^^^^^\n  File \"/Users/choesuyang/Desktop/ProjectChallenge/pyenv/lib/python3.13/site-packages/appium/webdriver/errorhandler.py\", line 125, in check_response\n    raise exception_class(msg=message, stacktrace=format_stacktrace(stacktrace))\n"}, "start": 1746260427043, "stop": 1746260427734}, {"name": "When input the search keyword on search page", "status": "skipped", "start": 1746260427737, "stop": 1746260427737}, {"name": "Then click search list results Product", "status": "skipped", "start": 1746260427737, "stop": 1746260427737}, {"name": "Given click button purchase button on product page", "status": "skipped", "start": 1746260427737, "stop": 1746260427737}, {"name": "When click button immediate purchase button", "status": "skipped", "start": 1746260427737, "stop": 1746260427737}, {"name": "Then check order page title text", "status": "skipped", "start": 1746260427737, "stop": 1746260427737}, {"name": "Given scroll to find the card-simple payment text", "status": "skipped", "start": 1746260427737, "stop": 1746260427737}, {"name": "When click the card-simple payment button", "status": "skipped", "start": 1746260427737, "stop": 1746260427737}, {"name": "Then click last purchase button", "status": "skipped", "start": 1746260427737, "stop": 1746260427737}], "start": 1746260409138, "stop": 1746260427737, "uuid": "f3c51ccf-c194-4074-bc42-235fabf3a55b", "historyId": "f7fbfde14cf22b1c698fc62b2b6f1aad", "fullName": "Cream Mobile Web Automation Test: Purchase Scenario Test to Cream Mobile Web", "labels": [{"name": "epic", "value": "WebInterface"}, {"name": "owner", "value": "SuyangChoi"}, {"name": "severity", "value": "normal"}, {"name": "story", "value": "Labels"}, {"name": "feature", "value": "Cream Mobile Web Automation Test"}, {"name": "framework", "value": "behave"}, {"name": "language", "value": "cpython3"}], "links": [{"type": "link", "url": "https://kream.co.kr/", "name": "https://kream.co.kr/"}]}